0 silly input []
1 silly flags { _: [ 'bootstrap' ],
1 silly flags   'reject-cycles': false,
1 silly flags   rejectCycles: false,
1 silly flags   args: [] }
2 verbose rootPath /Users/GoodWork/Documents/GitHub/egov-web-app/web/rainmaker
3 info version 2.11.0
4 silly existsSync /Users/GoodWork/Documents/GitHub/egov-web-app/web/rainmaker/VERSION
5 silly initialize attempt
6 silly npmConfig { registry: undefined,
6 silly npmConfig   npmClient: undefined,
6 silly npmConfig   npmClientArgs: undefined,
6 silly npmConfig   mutex: undefined }
7 silly initialize success
8 silly execute attempt
9 info Bootstrapping 3 packages
10 info lifecycle preinstall
11 silly runScript preinstall rainmaker-citizen
12 silly rainmaker-citizen
13 silly runScript preinstall egov-ui-kit-dev
14 silly egov-ui-kit-dev
15 silly runScript preinstall rainmaker-employee
16 silly rainmaker-employee
17 silly hasDependencyInstalled rainmaker-citizen @storybook/addon-knobs
18 silly dependencyIsSatisfied [ '@storybook/addon-knobs',
18 silly dependencyIsSatisfied   '^3.3.13',
18 silly dependencyIsSatisfied   '/Users/GoodWork/Documents/GitHub/egov-web-app/web/rainmaker/packages/citizen/node_modules' ]
19 verbose dependencyIsSatisfied @storybook/addon-knobs true
20 silly hasDependencyInstalled egov-ui-kit-dev @storybook/addon-knobs
21 silly dependencyIsSatisfied [ '@storybook/addon-knobs',
21 silly dependencyIsSatisfied   '^3.3.13',
21 silly dependencyIsSatisfied   '/Users/GoodWork/Documents/GitHub/egov-web-app/web/rainmaker/packages/egov-ui-kit-dev/node_modules' ]
22 verbose dependencyIsSatisfied @storybook/addon-knobs false
23 silly hasDependencyInstalled rainmaker-employee @storybook/addon-knobs
24 silly dependencyIsSatisfied [ '@storybook/addon-knobs',
24 silly dependencyIsSatisfied   '^3.3.13',
24 silly dependencyIsSatisfied   '/Users/GoodWork/Documents/GitHub/egov-web-app/web/rainmaker/packages/employee/node_modules' ]
25 verbose dependencyIsSatisfied @storybook/addon-knobs true
26 silly hasDependencyInstalled rainmaker-citizen @storybook/react
27 silly dependencyIsSatisfied [ '@storybook/react',
27 silly dependencyIsSatisfied   '^3.3.13',
27 silly dependencyIsSatisfied   '/Users/GoodWork/Documents/GitHub/egov-web-app/web/rainmaker/packages/citizen/node_modules' ]
28 verbose dependencyIsSatisfied @storybook/react true
29 silly hasDependencyInstalled egov-ui-kit-dev @storybook/react
30 silly dependencyIsSatisfied [ '@storybook/react',
30 silly dependencyIsSatisfied   '^3.3.13',
30 silly dependencyIsSatisfied   '/Users/GoodWork/Documents/GitHub/egov-web-app/web/rainmaker/packages/egov-ui-kit-dev/node_modules' ]
31 verbose dependencyIsSatisfied @storybook/react false
32 silly hasDependencyInstalled rainmaker-employee @storybook/react
33 silly dependencyIsSatisfied [ '@storybook/react',
33 silly dependencyIsSatisfied   '^3.3.13',
33 silly dependencyIsSatisfied   '/Users/GoodWork/Documents/GitHub/egov-web-app/web/rainmaker/packages/employee/node_modules' ]
34 verbose dependencyIsSatisfied @storybook/react true
35 silly hasDependencyInstalled rainmaker-citizen babel-cli
36 silly dependencyIsSatisfied [ 'babel-cli',
36 silly dependencyIsSatisfied   '^6.26.0',
36 silly dependencyIsSatisfied   '/Users/GoodWork/Documents/GitHub/egov-web-app/web/rainmaker/packages/citizen/node_modules' ]
37 verbose dependencyIsSatisfied babel-cli true
38 silly hasDependencyInstalled egov-ui-kit-dev babel-cli
39 silly dependencyIsSatisfied [ 'babel-cli',
39 silly dependencyIsSatisfied   '^6.26.0',
39 silly dependencyIsSatisfied   '/Users/GoodWork/Documents/GitHub/egov-web-app/web/rainmaker/packages/egov-ui-kit-dev/node_modules' ]
40 verbose dependencyIsSatisfied babel-cli false
41 silly hasDependencyInstalled rainmaker-employee babel-cli
42 silly dependencyIsSatisfied [ 'babel-cli',
42 silly dependencyIsSatisfied   '^6.26.0',
42 silly dependencyIsSatisfied   '/Users/GoodWork/Documents/GitHub/egov-web-app/web/rainmaker/packages/employee/node_modules' ]
43 verbose dependencyIsSatisfied babel-cli true
44 silly hasDependencyInstalled rainmaker-citizen babel-plugin-transform-runtime
45 silly dependencyIsSatisfied [ 'babel-plugin-transform-runtime',
45 silly dependencyIsSatisfied   '^6.23.0',
45 silly dependencyIsSatisfied   '/Users/GoodWork/Documents/GitHub/egov-web-app/web/rainmaker/packages/citizen/node_modules' ]
46 verbose dependencyIsSatisfied babel-plugin-transform-runtime true
47 silly hasDependencyInstalled egov-ui-kit-dev babel-plugin-transform-runtime
48 silly dependencyIsSatisfied [ 'babel-plugin-transform-runtime',
48 silly dependencyIsSatisfied   '^6.23.0',
48 silly dependencyIsSatisfied   '/Users/GoodWork/Documents/GitHub/egov-web-app/web/rainmaker/packages/egov-ui-kit-dev/node_modules' ]
49 verbose dependencyIsSatisfied babel-plugin-transform-runtime false
50 silly hasDependencyInstalled rainmaker-employee babel-plugin-transform-runtime
51 silly dependencyIsSatisfied [ 'babel-plugin-transform-runtime',
51 silly dependencyIsSatisfied   '^6.23.0',
51 silly dependencyIsSatisfied   '/Users/GoodWork/Documents/GitHub/egov-web-app/web/rainmaker/packages/employee/node_modules' ]
52 verbose dependencyIsSatisfied babel-plugin-transform-runtime true
53 silly hasDependencyInstalled rainmaker-citizen babel-preset-es2015
54 silly dependencyIsSatisfied [ 'babel-preset-es2015',
54 silly dependencyIsSatisfied   '^6.24.1',
54 silly dependencyIsSatisfied   '/Users/GoodWork/Documents/GitHub/egov-web-app/web/rainmaker/packages/citizen/node_modules' ]
55 verbose dependencyIsSatisfied babel-preset-es2015 true
56 silly hasDependencyInstalled egov-ui-kit-dev babel-preset-es2015
57 silly dependencyIsSatisfied [ 'babel-preset-es2015',
57 silly dependencyIsSatisfied   '^6.24.1',
57 silly dependencyIsSatisfied   '/Users/GoodWork/Documents/GitHub/egov-web-app/web/rainmaker/packages/egov-ui-kit-dev/node_modules' ]
58 verbose dependencyIsSatisfied babel-preset-es2015 false
59 silly hasDependencyInstalled rainmaker-employee babel-preset-es2015
60 silly dependencyIsSatisfied [ 'babel-preset-es2015',
60 silly dependencyIsSatisfied   '^6.24.1',
60 silly dependencyIsSatisfied   '/Users/GoodWork/Documents/GitHub/egov-web-app/web/rainmaker/packages/employee/node_modules' ]
61 verbose dependencyIsSatisfied babel-preset-es2015 true
62 silly hasDependencyInstalled rainmaker-citizen babel-preset-react
63 silly dependencyIsSatisfied [ 'babel-preset-react',
63 silly dependencyIsSatisfied   '^6.24.1',
63 silly dependencyIsSatisfied   '/Users/GoodWork/Documents/GitHub/egov-web-app/web/rainmaker/packages/citizen/node_modules' ]
64 verbose dependencyIsSatisfied babel-preset-react true
65 silly hasDependencyInstalled egov-ui-kit-dev babel-preset-react
66 silly dependencyIsSatisfied [ 'babel-preset-react',
66 silly dependencyIsSatisfied   '^6.24.1',
66 silly dependencyIsSatisfied   '/Users/GoodWork/Documents/GitHub/egov-web-app/web/rainmaker/packages/egov-ui-kit-dev/node_modules' ]
67 verbose dependencyIsSatisfied babel-preset-react false
68 silly hasDependencyInstalled rainmaker-employee babel-preset-react
69 silly dependencyIsSatisfied [ 'babel-preset-react',
69 silly dependencyIsSatisfied   '^6.24.1',
69 silly dependencyIsSatisfied   '/Users/GoodWork/Documents/GitHub/egov-web-app/web/rainmaker/packages/employee/node_modules' ]
70 verbose dependencyIsSatisfied babel-preset-react true
71 silly hasDependencyInstalled rainmaker-citizen babel-preset-stage-0
72 silly dependencyIsSatisfied [ 'babel-preset-stage-0',
72 silly dependencyIsSatisfied   '^6.24.1',
72 silly dependencyIsSatisfied   '/Users/GoodWork/Documents/GitHub/egov-web-app/web/rainmaker/packages/citizen/node_modules' ]
73 verbose dependencyIsSatisfied babel-preset-stage-0 true
74 silly hasDependencyInstalled egov-ui-kit-dev babel-preset-stage-0
75 silly dependencyIsSatisfied [ 'babel-preset-stage-0',
75 silly dependencyIsSatisfied   '^6.24.1',
75 silly dependencyIsSatisfied   '/Users/GoodWork/Documents/GitHub/egov-web-app/web/rainmaker/packages/egov-ui-kit-dev/node_modules' ]
76 verbose dependencyIsSatisfied babel-preset-stage-0 false
77 silly hasDependencyInstalled rainmaker-employee babel-preset-stage-0
78 silly dependencyIsSatisfied [ 'babel-preset-stage-0',
78 silly dependencyIsSatisfied   '^6.24.1',
78 silly dependencyIsSatisfied   '/Users/GoodWork/Documents/GitHub/egov-web-app/web/rainmaker/packages/employee/node_modules' ]
79 verbose dependencyIsSatisfied babel-preset-stage-0 true
80 silly hasDependencyInstalled rainmaker-citizen storybook-addon-material-ui
81 silly dependencyIsSatisfied [ 'storybook-addon-material-ui',
81 silly dependencyIsSatisfied   '^0.8.2',
81 silly dependencyIsSatisfied   '/Users/GoodWork/Documents/GitHub/egov-web-app/web/rainmaker/packages/citizen/node_modules' ]
82 verbose dependencyIsSatisfied storybook-addon-material-ui true
83 silly hasDependencyInstalled egov-ui-kit-dev storybook-addon-material-ui
84 silly dependencyIsSatisfied [ 'storybook-addon-material-ui',
84 silly dependencyIsSatisfied   '^0.8.2',
84 silly dependencyIsSatisfied   '/Users/GoodWork/Documents/GitHub/egov-web-app/web/rainmaker/packages/egov-ui-kit-dev/node_modules' ]
85 verbose dependencyIsSatisfied storybook-addon-material-ui false
86 silly hasDependencyInstalled rainmaker-employee storybook-addon-material-ui
87 silly dependencyIsSatisfied [ 'storybook-addon-material-ui',
87 silly dependencyIsSatisfied   '^0.8.2',
87 silly dependencyIsSatisfied   '/Users/GoodWork/Documents/GitHub/egov-web-app/web/rainmaker/packages/employee/node_modules' ]
88 verbose dependencyIsSatisfied storybook-addon-material-ui true
89 silly hasDependencyInstalled rainmaker-citizen @material-ui/core
90 silly dependencyIsSatisfied [ '@material-ui/core',
90 silly dependencyIsSatisfied   '^1.1.0',
90 silly dependencyIsSatisfied   '/Users/GoodWork/Documents/GitHub/egov-web-app/web/rainmaker/packages/citizen/node_modules' ]
91 verbose dependencyIsSatisfied @material-ui/core true
92 silly hasDependencyInstalled egov-ui-kit-dev @material-ui/core
93 silly dependencyIsSatisfied [ '@material-ui/core',
93 silly dependencyIsSatisfied   '^1.1.0',
93 silly dependencyIsSatisfied   '/Users/GoodWork/Documents/GitHub/egov-web-app/web/rainmaker/packages/egov-ui-kit-dev/node_modules' ]
94 verbose dependencyIsSatisfied @material-ui/core false
95 silly hasDependencyInstalled rainmaker-employee @material-ui/core
96 silly dependencyIsSatisfied [ '@material-ui/core',
96 silly dependencyIsSatisfied   '^1.1.0',
96 silly dependencyIsSatisfied   '/Users/GoodWork/Documents/GitHub/egov-web-app/web/rainmaker/packages/employee/node_modules' ]
97 verbose dependencyIsSatisfied @material-ui/core true
98 silly hasDependencyInstalled rainmaker-citizen axios
99 silly dependencyIsSatisfied [ 'axios',
99 silly dependencyIsSatisfied   '^0.17.1',
99 silly dependencyIsSatisfied   '/Users/GoodWork/Documents/GitHub/egov-web-app/web/rainmaker/packages/citizen/node_modules' ]
100 verbose dependencyIsSatisfied axios true
101 silly hasDependencyInstalled egov-ui-kit-dev axios
102 silly dependencyIsSatisfied [ 'axios',
102 silly dependencyIsSatisfied   '^0.17.1',
102 silly dependencyIsSatisfied   '/Users/GoodWork/Documents/GitHub/egov-web-app/web/rainmaker/packages/egov-ui-kit-dev/node_modules' ]
103 verbose dependencyIsSatisfied axios false
104 silly hasDependencyInstalled rainmaker-employee axios
105 silly dependencyIsSatisfied [ 'axios',
105 silly dependencyIsSatisfied   '^0.17.1',
105 silly dependencyIsSatisfied   '/Users/GoodWork/Documents/GitHub/egov-web-app/web/rainmaker/packages/employee/node_modules' ]
106 verbose dependencyIsSatisfied axios true
107 silly hasDependencyInstalled rainmaker-citizen babel-polyfill
108 silly dependencyIsSatisfied [ 'babel-polyfill',
108 silly dependencyIsSatisfied   '^6.26.0',
108 silly dependencyIsSatisfied   '/Users/GoodWork/Documents/GitHub/egov-web-app/web/rainmaker/packages/citizen/node_modules' ]
109 verbose dependencyIsSatisfied babel-polyfill true
110 silly hasDependencyInstalled egov-ui-kit-dev babel-polyfill
111 silly dependencyIsSatisfied [ 'babel-polyfill',
111 silly dependencyIsSatisfied   '^6.26.0',
111 silly dependencyIsSatisfied   '/Users/GoodWork/Documents/GitHub/egov-web-app/web/rainmaker/packages/egov-ui-kit-dev/node_modules' ]
112 verbose dependencyIsSatisfied babel-polyfill false
113 silly hasDependencyInstalled rainmaker-employee babel-polyfill
114 silly dependencyIsSatisfied [ 'babel-polyfill',
114 silly dependencyIsSatisfied   '^6.26.0',
114 silly dependencyIsSatisfied   '/Users/GoodWork/Documents/GitHub/egov-web-app/web/rainmaker/packages/employee/node_modules' ]
115 verbose dependencyIsSatisfied babel-polyfill true
116 silly hasDependencyInstalled rainmaker-citizen babel-runtime
117 silly dependencyIsSatisfied [ 'babel-runtime',
117 silly dependencyIsSatisfied   '^6.26.0',
117 silly dependencyIsSatisfied   '/Users/GoodWork/Documents/GitHub/egov-web-app/web/rainmaker/packages/citizen/node_modules' ]
118 verbose dependencyIsSatisfied babel-runtime true
119 silly hasDependencyInstalled egov-ui-kit-dev babel-runtime
120 silly dependencyIsSatisfied [ 'babel-runtime',
120 silly dependencyIsSatisfied   '^6.26.0',
120 silly dependencyIsSatisfied   '/Users/GoodWork/Documents/GitHub/egov-web-app/web/rainmaker/packages/egov-ui-kit-dev/node_modules' ]
121 verbose dependencyIsSatisfied babel-runtime false
122 silly hasDependencyInstalled rainmaker-employee babel-runtime
123 silly dependencyIsSatisfied [ 'babel-runtime',
123 silly dependencyIsSatisfied   '^6.26.0',
123 silly dependencyIsSatisfied   '/Users/GoodWork/Documents/GitHub/egov-web-app/web/rainmaker/packages/employee/node_modules' ]
124 verbose dependencyIsSatisfied babel-runtime true
125 silly hasDependencyInstalled rainmaker-citizen jsonpath
126 silly dependencyIsSatisfied [ 'jsonpath',
126 silly dependencyIsSatisfied   '^1.0.0',
126 silly dependencyIsSatisfied   '/Users/GoodWork/Documents/GitHub/egov-web-app/web/rainmaker/packages/citizen/node_modules' ]
127 verbose dependencyIsSatisfied jsonpath true
128 silly hasDependencyInstalled egov-ui-kit-dev jsonpath
129 silly dependencyIsSatisfied [ 'jsonpath',
129 silly dependencyIsSatisfied   '^1.0.0',
129 silly dependencyIsSatisfied   '/Users/GoodWork/Documents/GitHub/egov-web-app/web/rainmaker/packages/egov-ui-kit-dev/node_modules' ]
130 verbose dependencyIsSatisfied jsonpath false
131 silly hasDependencyInstalled rainmaker-employee jsonpath
132 silly dependencyIsSatisfied [ 'jsonpath',
132 silly dependencyIsSatisfied   '^1.0.0',
132 silly dependencyIsSatisfied   '/Users/GoodWork/Documents/GitHub/egov-web-app/web/rainmaker/packages/employee/node_modules' ]
133 verbose dependencyIsSatisfied jsonpath true
134 silly hasDependencyInstalled rainmaker-citizen lodash
135 silly dependencyIsSatisfied [ 'lodash',
135 silly dependencyIsSatisfied   '^4.17.5',
135 silly dependencyIsSatisfied   '/Users/GoodWork/Documents/GitHub/egov-web-app/web/rainmaker/packages/citizen/node_modules' ]
136 verbose dependencyIsSatisfied lodash true
137 silly hasDependencyInstalled egov-ui-kit-dev lodash
138 silly dependencyIsSatisfied [ 'lodash',
138 silly dependencyIsSatisfied   '^4.17.5',
138 silly dependencyIsSatisfied   '/Users/GoodWork/Documents/GitHub/egov-web-app/web/rainmaker/packages/egov-ui-kit-dev/node_modules' ]
139 verbose dependencyIsSatisfied lodash false
140 silly hasDependencyInstalled rainmaker-employee lodash
141 silly dependencyIsSatisfied [ 'lodash',
141 silly dependencyIsSatisfied   '^4.17.5',
141 silly dependencyIsSatisfied   '/Users/GoodWork/Documents/GitHub/egov-web-app/web/rainmaker/packages/employee/node_modules' ]
142 verbose dependencyIsSatisfied lodash true
143 silly hasDependencyInstalled rainmaker-citizen material-ui
144 silly dependencyIsSatisfied [ 'material-ui',
144 silly dependencyIsSatisfied   '^0.20.0',
144 silly dependencyIsSatisfied   '/Users/GoodWork/Documents/GitHub/egov-web-app/web/rainmaker/packages/citizen/node_modules' ]
145 verbose dependencyIsSatisfied material-ui true
146 silly hasDependencyInstalled egov-ui-kit-dev material-ui
147 silly dependencyIsSatisfied [ 'material-ui',
147 silly dependencyIsSatisfied   '^0.20.0',
147 silly dependencyIsSatisfied   '/Users/GoodWork/Documents/GitHub/egov-web-app/web/rainmaker/packages/egov-ui-kit-dev/node_modules' ]
148 verbose dependencyIsSatisfied material-ui false
149 silly hasDependencyInstalled rainmaker-employee material-ui
150 silly dependencyIsSatisfied [ 'material-ui',
150 silly dependencyIsSatisfied   '^0.20.0',
150 silly dependencyIsSatisfied   '/Users/GoodWork/Documents/GitHub/egov-web-app/web/rainmaker/packages/employee/node_modules' ]
151 verbose dependencyIsSatisfied material-ui true
152 silly hasDependencyInstalled rainmaker-citizen node-sass-chokidar
153 silly dependencyIsSatisfied [ 'node-sass-chokidar',
153 silly dependencyIsSatisfied   '^1.2.2',
153 silly dependencyIsSatisfied   '/Users/GoodWork/Documents/GitHub/egov-web-app/web/rainmaker/packages/citizen/node_modules' ]
154 verbose dependencyIsSatisfied node-sass-chokidar true
155 silly hasDependencyInstalled egov-ui-kit-dev node-sass-chokidar
156 silly dependencyIsSatisfied [ 'node-sass-chokidar',
156 silly dependencyIsSatisfied   '^1.2.2',
156 silly dependencyIsSatisfied   '/Users/GoodWork/Documents/GitHub/egov-web-app/web/rainmaker/packages/egov-ui-kit-dev/node_modules' ]
157 verbose dependencyIsSatisfied node-sass-chokidar false
158 silly hasDependencyInstalled rainmaker-employee node-sass-chokidar
159 silly dependencyIsSatisfied [ 'node-sass-chokidar',
159 silly dependencyIsSatisfied   '^1.2.2',
159 silly dependencyIsSatisfied   '/Users/GoodWork/Documents/GitHub/egov-web-app/web/rainmaker/packages/employee/node_modules' ]
160 verbose dependencyIsSatisfied node-sass-chokidar true
161 silly hasDependencyInstalled rainmaker-citizen npm-run-all
162 silly dependencyIsSatisfied [ 'npm-run-all',
162 silly dependencyIsSatisfied   '^4.1.2',
162 silly dependencyIsSatisfied   '/Users/GoodWork/Documents/GitHub/egov-web-app/web/rainmaker/packages/citizen/node_modules' ]
163 verbose dependencyIsSatisfied npm-run-all true
164 silly hasDependencyInstalled egov-ui-kit-dev npm-run-all
165 silly dependencyIsSatisfied [ 'npm-run-all',
165 silly dependencyIsSatisfied   '^4.1.2',
165 silly dependencyIsSatisfied   '/Users/GoodWork/Documents/GitHub/egov-web-app/web/rainmaker/packages/egov-ui-kit-dev/node_modules' ]
166 verbose dependencyIsSatisfied npm-run-all false
167 silly hasDependencyInstalled rainmaker-employee npm-run-all
168 silly dependencyIsSatisfied [ 'npm-run-all',
168 silly dependencyIsSatisfied   '^4.1.2',
168 silly dependencyIsSatisfied   '/Users/GoodWork/Documents/GitHub/egov-web-app/web/rainmaker/packages/employee/node_modules' ]
169 verbose dependencyIsSatisfied npm-run-all true
170 silly hasDependencyInstalled rainmaker-citizen pdfmake
171 silly dependencyIsSatisfied [ 'pdfmake',
171 silly dependencyIsSatisfied   '^0.1.36',
171 silly dependencyIsSatisfied   '/Users/GoodWork/Documents/GitHub/egov-web-app/web/rainmaker/packages/citizen/node_modules' ]
172 verbose dependencyIsSatisfied pdfmake true
173 silly hasDependencyInstalled egov-ui-kit-dev pdfmake
174 silly dependencyIsSatisfied [ 'pdfmake',
174 silly dependencyIsSatisfied   '^0.1.36',
174 silly dependencyIsSatisfied   '/Users/GoodWork/Documents/GitHub/egov-web-app/web/rainmaker/packages/egov-ui-kit-dev/node_modules' ]
175 verbose dependencyIsSatisfied pdfmake false
176 silly hasDependencyInstalled rainmaker-employee pdfmake
177 silly dependencyIsSatisfied [ 'pdfmake',
177 silly dependencyIsSatisfied   '^0.1.36',
177 silly dependencyIsSatisfied   '/Users/GoodWork/Documents/GitHub/egov-web-app/web/rainmaker/packages/employee/node_modules' ]
178 verbose dependencyIsSatisfied pdfmake true
179 silly hasDependencyInstalled rainmaker-citizen prop-types
180 silly dependencyIsSatisfied [ 'prop-types',
180 silly dependencyIsSatisfied   '^15.6.0',
180 silly dependencyIsSatisfied   '/Users/GoodWork/Documents/GitHub/egov-web-app/web/rainmaker/packages/citizen/node_modules' ]
181 verbose dependencyIsSatisfied prop-types true
182 silly hasDependencyInstalled egov-ui-kit-dev prop-types
183 silly dependencyIsSatisfied [ 'prop-types',
183 silly dependencyIsSatisfied   '^15.6.0',
183 silly dependencyIsSatisfied   '/Users/GoodWork/Documents/GitHub/egov-web-app/web/rainmaker/packages/egov-ui-kit-dev/node_modules' ]
184 verbose dependencyIsSatisfied prop-types false
185 silly hasDependencyInstalled rainmaker-employee prop-types
186 silly dependencyIsSatisfied [ 'prop-types',
186 silly dependencyIsSatisfied   '^15.6.0',
186 silly dependencyIsSatisfied   '/Users/GoodWork/Documents/GitHub/egov-web-app/web/rainmaker/packages/employee/node_modules' ]
187 verbose dependencyIsSatisfied prop-types true
188 silly hasDependencyInstalled rainmaker-citizen react
189 silly dependencyIsSatisfied [ 'react',
189 silly dependencyIsSatisfied   '^16.2.0',
189 silly dependencyIsSatisfied   '/Users/GoodWork/Documents/GitHub/egov-web-app/web/rainmaker/packages/citizen/node_modules' ]
190 verbose dependencyIsSatisfied react true
191 silly hasDependencyInstalled egov-ui-kit-dev react
192 silly dependencyIsSatisfied [ 'react',
192 silly dependencyIsSatisfied   '^16.2.0',
192 silly dependencyIsSatisfied   '/Users/GoodWork/Documents/GitHub/egov-web-app/web/rainmaker/packages/egov-ui-kit-dev/node_modules' ]
193 verbose dependencyIsSatisfied react false
194 silly hasDependencyInstalled rainmaker-employee react
195 silly dependencyIsSatisfied [ 'react',
195 silly dependencyIsSatisfied   '^16.2.0',
195 silly dependencyIsSatisfied   '/Users/GoodWork/Documents/GitHub/egov-web-app/web/rainmaker/packages/employee/node_modules' ]
196 verbose dependencyIsSatisfied react true
197 silly hasDependencyInstalled rainmaker-citizen react-dom
198 silly dependencyIsSatisfied [ 'react-dom',
198 silly dependencyIsSatisfied   '^16.2.0',
198 silly dependencyIsSatisfied   '/Users/GoodWork/Documents/GitHub/egov-web-app/web/rainmaker/packages/citizen/node_modules' ]
199 verbose dependencyIsSatisfied react-dom true
200 silly hasDependencyInstalled egov-ui-kit-dev react-dom
201 silly dependencyIsSatisfied [ 'react-dom',
201 silly dependencyIsSatisfied   '^16.2.0',
201 silly dependencyIsSatisfied   '/Users/GoodWork/Documents/GitHub/egov-web-app/web/rainmaker/packages/egov-ui-kit-dev/node_modules' ]
202 verbose dependencyIsSatisfied react-dom false
203 silly hasDependencyInstalled rainmaker-employee react-dom
204 silly dependencyIsSatisfied [ 'react-dom',
204 silly dependencyIsSatisfied   '^16.2.0',
204 silly dependencyIsSatisfied   '/Users/GoodWork/Documents/GitHub/egov-web-app/web/rainmaker/packages/employee/node_modules' ]
205 verbose dependencyIsSatisfied react-dom true
206 silly hasDependencyInstalled rainmaker-citizen react-google-maps
207 silly dependencyIsSatisfied [ 'react-google-maps',
207 silly dependencyIsSatisfied   '^9.4.5',
207 silly dependencyIsSatisfied   '/Users/GoodWork/Documents/GitHub/egov-web-app/web/rainmaker/packages/citizen/node_modules' ]
208 verbose dependencyIsSatisfied react-google-maps true
209 silly hasDependencyInstalled egov-ui-kit-dev react-google-maps
210 silly dependencyIsSatisfied [ 'react-google-maps',
210 silly dependencyIsSatisfied   '^9.4.5',
210 silly dependencyIsSatisfied   '/Users/GoodWork/Documents/GitHub/egov-web-app/web/rainmaker/packages/egov-ui-kit-dev/node_modules' ]
211 verbose dependencyIsSatisfied react-google-maps false
212 silly hasDependencyInstalled rainmaker-employee react-google-maps
213 silly dependencyIsSatisfied [ 'react-google-maps',
213 silly dependencyIsSatisfied   '^9.4.5',
213 silly dependencyIsSatisfied   '/Users/GoodWork/Documents/GitHub/egov-web-app/web/rainmaker/packages/employee/node_modules' ]
214 verbose dependencyIsSatisfied react-google-maps true
215 silly hasDependencyInstalled rainmaker-citizen react-id-swiper
216 silly dependencyIsSatisfied [ 'react-id-swiper',
216 silly dependencyIsSatisfied   '^1.6.3',
216 silly dependencyIsSatisfied   '/Users/GoodWork/Documents/GitHub/egov-web-app/web/rainmaker/packages/citizen/node_modules' ]
217 verbose dependencyIsSatisfied react-id-swiper true
218 silly hasDependencyInstalled egov-ui-kit-dev react-id-swiper
219 silly dependencyIsSatisfied [ 'react-id-swiper',
219 silly dependencyIsSatisfied   '^1.6.3',
219 silly dependencyIsSatisfied   '/Users/GoodWork/Documents/GitHub/egov-web-app/web/rainmaker/packages/egov-ui-kit-dev/node_modules' ]
220 verbose dependencyIsSatisfied react-id-swiper false
221 silly hasDependencyInstalled rainmaker-employee react-id-swiper
222 silly dependencyIsSatisfied [ 'react-id-swiper',
222 silly dependencyIsSatisfied   '^1.6.3',
222 silly dependencyIsSatisfied   '/Users/GoodWork/Documents/GitHub/egov-web-app/web/rainmaker/packages/employee/node_modules' ]
223 verbose dependencyIsSatisfied react-id-swiper true
224 silly hasDependencyInstalled rainmaker-citizen react-load-image
225 silly dependencyIsSatisfied [ 'react-load-image',
225 silly dependencyIsSatisfied   '^0.1.6',
225 silly dependencyIsSatisfied   '/Users/GoodWork/Documents/GitHub/egov-web-app/web/rainmaker/packages/citizen/node_modules' ]
226 verbose dependencyIsSatisfied react-load-image true
227 silly hasDependencyInstalled egov-ui-kit-dev react-load-image
228 silly dependencyIsSatisfied [ 'react-load-image',
228 silly dependencyIsSatisfied   '^0.1.6',
228 silly dependencyIsSatisfied   '/Users/GoodWork/Documents/GitHub/egov-web-app/web/rainmaker/packages/egov-ui-kit-dev/node_modules' ]
229 verbose dependencyIsSatisfied react-load-image false
230 silly hasDependencyInstalled rainmaker-employee react-load-image
231 silly dependencyIsSatisfied [ 'react-load-image',
231 silly dependencyIsSatisfied   '^0.1.6',
231 silly dependencyIsSatisfied   '/Users/GoodWork/Documents/GitHub/egov-web-app/web/rainmaker/packages/employee/node_modules' ]
232 verbose dependencyIsSatisfied react-load-image true
233 silly hasDependencyInstalled rainmaker-citizen react-redux
234 silly dependencyIsSatisfied [ 'react-redux',
234 silly dependencyIsSatisfied   '^5.0.6',
234 silly dependencyIsSatisfied   '/Users/GoodWork/Documents/GitHub/egov-web-app/web/rainmaker/packages/citizen/node_modules' ]
235 verbose dependencyIsSatisfied react-redux true
236 silly hasDependencyInstalled egov-ui-kit-dev react-redux
237 silly dependencyIsSatisfied [ 'react-redux',
237 silly dependencyIsSatisfied   '^5.0.6',
237 silly dependencyIsSatisfied   '/Users/GoodWork/Documents/GitHub/egov-web-app/web/rainmaker/packages/egov-ui-kit-dev/node_modules' ]
238 verbose dependencyIsSatisfied react-redux false
239 silly hasDependencyInstalled rainmaker-employee react-redux
240 silly dependencyIsSatisfied [ 'react-redux',
240 silly dependencyIsSatisfied   '^5.0.6',
240 silly dependencyIsSatisfied   '/Users/GoodWork/Documents/GitHub/egov-web-app/web/rainmaker/packages/employee/node_modules' ]
241 verbose dependencyIsSatisfied react-redux true
242 silly hasDependencyInstalled rainmaker-citizen react-router
243 silly dependencyIsSatisfied [ 'react-router',
243 silly dependencyIsSatisfied   '^4.2.0',
243 silly dependencyIsSatisfied   '/Users/GoodWork/Documents/GitHub/egov-web-app/web/rainmaker/packages/citizen/node_modules' ]
244 verbose dependencyIsSatisfied react-router true
245 silly hasDependencyInstalled egov-ui-kit-dev react-router
246 silly dependencyIsSatisfied [ 'react-router',
246 silly dependencyIsSatisfied   '^4.2.0',
246 silly dependencyIsSatisfied   '/Users/GoodWork/Documents/GitHub/egov-web-app/web/rainmaker/packages/egov-ui-kit-dev/node_modules' ]
247 verbose dependencyIsSatisfied react-router false
248 silly hasDependencyInstalled rainmaker-employee react-router
249 silly dependencyIsSatisfied [ 'react-router',
249 silly dependencyIsSatisfied   '^4.2.0',
249 silly dependencyIsSatisfied   '/Users/GoodWork/Documents/GitHub/egov-web-app/web/rainmaker/packages/employee/node_modules' ]
250 verbose dependencyIsSatisfied react-router true
251 silly hasDependencyInstalled rainmaker-citizen react-router-dom
252 silly dependencyIsSatisfied [ 'react-router-dom',
252 silly dependencyIsSatisfied   '^4.2.2',
252 silly dependencyIsSatisfied   '/Users/GoodWork/Documents/GitHub/egov-web-app/web/rainmaker/packages/citizen/node_modules' ]
253 verbose dependencyIsSatisfied react-router-dom true
254 silly hasDependencyInstalled egov-ui-kit-dev react-router-dom
255 silly dependencyIsSatisfied [ 'react-router-dom',
255 silly dependencyIsSatisfied   '^4.2.2',
255 silly dependencyIsSatisfied   '/Users/GoodWork/Documents/GitHub/egov-web-app/web/rainmaker/packages/egov-ui-kit-dev/node_modules' ]
256 verbose dependencyIsSatisfied react-router-dom false
257 silly hasDependencyInstalled rainmaker-employee react-router-dom
258 silly dependencyIsSatisfied [ 'react-router-dom',
258 silly dependencyIsSatisfied   '^4.2.2',
258 silly dependencyIsSatisfied   '/Users/GoodWork/Documents/GitHub/egov-web-app/web/rainmaker/packages/employee/node_modules' ]
259 verbose dependencyIsSatisfied react-router-dom true
260 silly hasDependencyInstalled rainmaker-citizen react-scripts
261 silly dependencyIsSatisfied [ 'react-scripts',
261 silly dependencyIsSatisfied   '1.1.1',
261 silly dependencyIsSatisfied   '/Users/GoodWork/Documents/GitHub/egov-web-app/web/rainmaker/packages/citizen/node_modules' ]
262 verbose dependencyIsSatisfied react-scripts true
263 silly hasDependencyInstalled egov-ui-kit-dev react-scripts
264 silly dependencyIsSatisfied [ 'react-scripts',
264 silly dependencyIsSatisfied   '1.1.1',
264 silly dependencyIsSatisfied   '/Users/GoodWork/Documents/GitHub/egov-web-app/web/rainmaker/packages/egov-ui-kit-dev/node_modules' ]
265 verbose dependencyIsSatisfied react-scripts false
266 silly hasDependencyInstalled rainmaker-employee react-scripts
267 silly dependencyIsSatisfied [ 'react-scripts',
267 silly dependencyIsSatisfied   '1.1.1',
267 silly dependencyIsSatisfied   '/Users/GoodWork/Documents/GitHub/egov-web-app/web/rainmaker/packages/employee/node_modules' ]
268 verbose dependencyIsSatisfied react-scripts true
269 silly hasDependencyInstalled rainmaker-citizen react-table
270 silly dependencyIsSatisfied [ 'react-table',
270 silly dependencyIsSatisfied   '^6.8.6',
270 silly dependencyIsSatisfied   '/Users/GoodWork/Documents/GitHub/egov-web-app/web/rainmaker/packages/citizen/node_modules' ]
271 verbose dependencyIsSatisfied react-table true
272 silly hasDependencyInstalled egov-ui-kit-dev react-table
273 silly dependencyIsSatisfied [ 'react-table',
273 silly dependencyIsSatisfied   '^6.8.6',
273 silly dependencyIsSatisfied   '/Users/GoodWork/Documents/GitHub/egov-web-app/web/rainmaker/packages/egov-ui-kit-dev/node_modules' ]
274 verbose dependencyIsSatisfied react-table false
275 silly hasDependencyInstalled rainmaker-employee react-table
276 silly dependencyIsSatisfied [ 'react-table',
276 silly dependencyIsSatisfied   '^6.8.6',
276 silly dependencyIsSatisfied   '/Users/GoodWork/Documents/GitHub/egov-web-app/web/rainmaker/packages/employee/node_modules' ]
277 verbose dependencyIsSatisfied react-table true
278 silly hasDependencyInstalled rainmaker-citizen react-tap-event-plugin
279 silly dependencyIsSatisfied [ 'react-tap-event-plugin',
279 silly dependencyIsSatisfied   '^3.0.2',
279 silly dependencyIsSatisfied   '/Users/GoodWork/Documents/GitHub/egov-web-app/web/rainmaker/packages/citizen/node_modules' ]
280 verbose dependencyIsSatisfied react-tap-event-plugin true
281 silly hasDependencyInstalled egov-ui-kit-dev react-tap-event-plugin
282 silly dependencyIsSatisfied [ 'react-tap-event-plugin',
282 silly dependencyIsSatisfied   '^3.0.2',
282 silly dependencyIsSatisfied   '/Users/GoodWork/Documents/GitHub/egov-web-app/web/rainmaker/packages/egov-ui-kit-dev/node_modules' ]
283 verbose dependencyIsSatisfied react-tap-event-plugin false
284 silly hasDependencyInstalled rainmaker-employee react-tap-event-plugin
285 silly dependencyIsSatisfied [ 'react-tap-event-plugin',
285 silly dependencyIsSatisfied   '^3.0.2',
285 silly dependencyIsSatisfied   '/Users/GoodWork/Documents/GitHub/egov-web-app/web/rainmaker/packages/employee/node_modules' ]
286 verbose dependencyIsSatisfied react-tap-event-plugin true
287 silly hasDependencyInstalled rainmaker-citizen redux
288 silly dependencyIsSatisfied [ 'redux',
288 silly dependencyIsSatisfied   '^3.7.2',
288 silly dependencyIsSatisfied   '/Users/GoodWork/Documents/GitHub/egov-web-app/web/rainmaker/packages/citizen/node_modules' ]
289 verbose dependencyIsSatisfied redux true
290 silly hasDependencyInstalled egov-ui-kit-dev redux
291 silly dependencyIsSatisfied [ 'redux',
291 silly dependencyIsSatisfied   '^3.7.2',
291 silly dependencyIsSatisfied   '/Users/GoodWork/Documents/GitHub/egov-web-app/web/rainmaker/packages/egov-ui-kit-dev/node_modules' ]
292 verbose dependencyIsSatisfied redux false
293 silly hasDependencyInstalled rainmaker-employee redux
294 silly dependencyIsSatisfied [ 'redux',
294 silly dependencyIsSatisfied   '^3.7.2',
294 silly dependencyIsSatisfied   '/Users/GoodWork/Documents/GitHub/egov-web-app/web/rainmaker/packages/employee/node_modules' ]
295 verbose dependencyIsSatisfied redux true
296 silly hasDependencyInstalled rainmaker-citizen redux-logger
297 silly dependencyIsSatisfied [ 'redux-logger',
297 silly dependencyIsSatisfied   '^3.0.6',
297 silly dependencyIsSatisfied   '/Users/GoodWork/Documents/GitHub/egov-web-app/web/rainmaker/packages/citizen/node_modules' ]
298 verbose dependencyIsSatisfied redux-logger true
299 silly hasDependencyInstalled egov-ui-kit-dev redux-logger
300 silly dependencyIsSatisfied [ 'redux-logger',
300 silly dependencyIsSatisfied   '^3.0.6',
300 silly dependencyIsSatisfied   '/Users/GoodWork/Documents/GitHub/egov-web-app/web/rainmaker/packages/egov-ui-kit-dev/node_modules' ]
301 verbose dependencyIsSatisfied redux-logger false
302 silly hasDependencyInstalled rainmaker-employee redux-logger
303 silly dependencyIsSatisfied [ 'redux-logger',
303 silly dependencyIsSatisfied   '^3.0.6',
303 silly dependencyIsSatisfied   '/Users/GoodWork/Documents/GitHub/egov-web-app/web/rainmaker/packages/employee/node_modules' ]
304 verbose dependencyIsSatisfied redux-logger true
305 silly hasDependencyInstalled rainmaker-citizen redux-thunk
306 silly dependencyIsSatisfied [ 'redux-thunk',
306 silly dependencyIsSatisfied   '^2.2.0',
306 silly dependencyIsSatisfied   '/Users/GoodWork/Documents/GitHub/egov-web-app/web/rainmaker/packages/citizen/node_modules' ]
307 verbose dependencyIsSatisfied redux-thunk true
308 silly hasDependencyInstalled egov-ui-kit-dev redux-thunk
309 silly dependencyIsSatisfied [ 'redux-thunk',
309 silly dependencyIsSatisfied   '^2.2.0',
309 silly dependencyIsSatisfied   '/Users/GoodWork/Documents/GitHub/egov-web-app/web/rainmaker/packages/egov-ui-kit-dev/node_modules' ]
310 verbose dependencyIsSatisfied redux-thunk false
311 silly hasDependencyInstalled rainmaker-employee redux-thunk
312 silly dependencyIsSatisfied [ 'redux-thunk',
312 silly dependencyIsSatisfied   '^2.2.0',
312 silly dependencyIsSatisfied   '/Users/GoodWork/Documents/GitHub/egov-web-app/web/rainmaker/packages/employee/node_modules' ]
313 verbose dependencyIsSatisfied redux-thunk true
314 silly hasDependencyInstalled rainmaker-citizen url-search-params-polyfill
315 silly dependencyIsSatisfied [ 'url-search-params-polyfill',
315 silly dependencyIsSatisfied   '^3.0.0',
315 silly dependencyIsSatisfied   '/Users/GoodWork/Documents/GitHub/egov-web-app/web/rainmaker/packages/citizen/node_modules' ]
316 verbose dependencyIsSatisfied url-search-params-polyfill true
317 silly hasDependencyInstalled egov-ui-kit-dev url-search-params-polyfill
318 silly dependencyIsSatisfied [ 'url-search-params-polyfill',
318 silly dependencyIsSatisfied   '^3.0.0',
318 silly dependencyIsSatisfied   '/Users/GoodWork/Documents/GitHub/egov-web-app/web/rainmaker/packages/egov-ui-kit-dev/node_modules' ]
319 verbose dependencyIsSatisfied url-search-params-polyfill false
320 silly hasDependencyInstalled rainmaker-employee url-search-params-polyfill
321 silly dependencyIsSatisfied [ 'url-search-params-polyfill',
321 silly dependencyIsSatisfied   '^3.0.0',
321 silly dependencyIsSatisfied   '/Users/GoodWork/Documents/GitHub/egov-web-app/web/rainmaker/packages/employee/node_modules' ]
322 verbose dependencyIsSatisfied url-search-params-polyfill true
323 silly hasDependencyInstalled rainmaker-citizen webfontloader
324 silly dependencyIsSatisfied [ 'webfontloader',
324 silly dependencyIsSatisfied   '^1.6.28',
324 silly dependencyIsSatisfied   '/Users/GoodWork/Documents/GitHub/egov-web-app/web/rainmaker/packages/citizen/node_modules' ]
325 verbose dependencyIsSatisfied webfontloader true
326 silly hasDependencyInstalled egov-ui-kit-dev webfontloader
327 silly dependencyIsSatisfied [ 'webfontloader',
327 silly dependencyIsSatisfied   '^1.6.28',
327 silly dependencyIsSatisfied   '/Users/GoodWork/Documents/GitHub/egov-web-app/web/rainmaker/packages/egov-ui-kit-dev/node_modules' ]
328 verbose dependencyIsSatisfied webfontloader false
329 silly hasDependencyInstalled rainmaker-employee webfontloader
330 silly dependencyIsSatisfied [ 'webfontloader',
330 silly dependencyIsSatisfied   '^1.6.28',
330 silly dependencyIsSatisfied   '/Users/GoodWork/Documents/GitHub/egov-web-app/web/rainmaker/packages/employee/node_modules' ]
331 verbose dependencyIsSatisfied webfontloader true
332 silly hasDependencyInstalled rainmaker-citizen egov-ui-kit
333 silly dependencyIsSatisfied [ 'egov-ui-kit',
333 silly dependencyIsSatisfied   '0.0.1',
333 silly dependencyIsSatisfied   '/Users/GoodWork/Documents/GitHub/egov-web-app/web/rainmaker/packages/citizen/node_modules' ]
334 verbose dependencyIsSatisfied egov-ui-kit false
335 silly hasDependencyInstalled rainmaker-employee egov-ui-kit
336 silly dependencyIsSatisfied [ 'egov-ui-kit',
336 silly dependencyIsSatisfied   '0.0.1',
336 silly dependencyIsSatisfied   '/Users/GoodWork/Documents/GitHub/egov-web-app/web/rainmaker/packages/employee/node_modules' ]
337 verbose dependencyIsSatisfied egov-ui-kit false
338 silly root dependencies []
339 silly leaf dependencies {
339 silly leaf dependencies   "rainmaker-citizen": [
339 silly leaf dependencies     {
339 silly leaf dependencies       "dependency": "@storybook/addon-knobs@^3.3.13",
339 silly leaf dependencies       "isSatisfied": true
339 silly leaf dependencies     },
339 silly leaf dependencies     {
339 silly leaf dependencies       "dependency": "@storybook/react@^3.3.13",
339 silly leaf dependencies       "isSatisfied": true
339 silly leaf dependencies     },
339 silly leaf dependencies     {
339 silly leaf dependencies       "dependency": "babel-cli@^6.26.0",
339 silly leaf dependencies       "isSatisfied": true
339 silly leaf dependencies     },
339 silly leaf dependencies     {
339 silly leaf dependencies       "dependency": "babel-plugin-transform-runtime@^6.23.0",
339 silly leaf dependencies       "isSatisfied": true
339 silly leaf dependencies     },
339 silly leaf dependencies     {
339 silly leaf dependencies       "dependency": "babel-preset-es2015@^6.24.1",
339 silly leaf dependencies       "isSatisfied": true
339 silly leaf dependencies     },
339 silly leaf dependencies     {
339 silly leaf dependencies       "dependency": "babel-preset-react@^6.24.1",
339 silly leaf dependencies       "isSatisfied": true
339 silly leaf dependencies     },
339 silly leaf dependencies     {
339 silly leaf dependencies       "dependency": "babel-preset-stage-0@^6.24.1",
339 silly leaf dependencies       "isSatisfied": true
339 silly leaf dependencies     },
339 silly leaf dependencies     {
339 silly leaf dependencies       "dependency": "storybook-addon-material-ui@^0.8.2",
339 silly leaf dependencies       "isSatisfied": true
339 silly leaf dependencies     },
339 silly leaf dependencies     {
339 silly leaf dependencies       "dependency": "@material-ui/core@^1.1.0",
339 silly leaf dependencies       "isSatisfied": true
339 silly leaf dependencies     },
339 silly leaf dependencies     {
339 silly leaf dependencies       "dependency": "axios@^0.17.1",
339 silly leaf dependencies       "isSatisfied": true
339 silly leaf dependencies     },
339 silly leaf dependencies     {
339 silly leaf dependencies       "dependency": "babel-polyfill@^6.26.0",
339 silly leaf dependencies       "isSatisfied": true
339 silly leaf dependencies     },
339 silly leaf dependencies     {
339 silly leaf dependencies       "dependency": "babel-runtime@^6.26.0",
339 silly leaf dependencies       "isSatisfied": true
339 silly leaf dependencies     },
339 silly leaf dependencies     {
339 silly leaf dependencies       "dependency": "jsonpath@^1.0.0",
339 silly leaf dependencies       "isSatisfied": true
339 silly leaf dependencies     },
339 silly leaf dependencies     {
339 silly leaf dependencies       "dependency": "lodash@^4.17.5",
339 silly leaf dependencies       "isSatisfied": true
339 silly leaf dependencies     },
339 silly leaf dependencies     {
339 silly leaf dependencies       "dependency": "material-ui@^0.20.0",
339 silly leaf dependencies       "isSatisfied": true
339 silly leaf dependencies     },
339 silly leaf dependencies     {
339 silly leaf dependencies       "dependency": "node-sass-chokidar@^1.2.2",
339 silly leaf dependencies       "isSatisfied": true
339 silly leaf dependencies     },
339 silly leaf dependencies     {
339 silly leaf dependencies       "dependency": "npm-run-all@^4.1.2",
339 silly leaf dependencies       "isSatisfied": true
339 silly leaf dependencies     },
339 silly leaf dependencies     {
339 silly leaf dependencies       "dependency": "pdfmake@^0.1.36",
339 silly leaf dependencies       "isSatisfied": true
339 silly leaf dependencies     },
339 silly leaf dependencies     {
339 silly leaf dependencies       "dependency": "prop-types@^15.6.0",
339 silly leaf dependencies       "isSatisfied": true
339 silly leaf dependencies     },
339 silly leaf dependencies     {
339 silly leaf dependencies       "dependency": "react@^16.2.0",
339 silly leaf dependencies       "isSatisfied": true
339 silly leaf dependencies     },
339 silly leaf dependencies     {
339 silly leaf dependencies       "dependency": "react-dom@^16.2.0",
339 silly leaf dependencies       "isSatisfied": true
339 silly leaf dependencies     },
339 silly leaf dependencies     {
339 silly leaf dependencies       "dependency": "react-google-maps@^9.4.5",
339 silly leaf dependencies       "isSatisfied": true
339 silly leaf dependencies     },
339 silly leaf dependencies     {
339 silly leaf dependencies       "dependency": "react-id-swiper@^1.6.3",
339 silly leaf dependencies       "isSatisfied": true
339 silly leaf dependencies     },
339 silly leaf dependencies     {
339 silly leaf dependencies       "dependency": "react-load-image@^0.1.6",
339 silly leaf dependencies       "isSatisfied": true
339 silly leaf dependencies     },
339 silly leaf dependencies     {
339 silly leaf dependencies       "dependency": "react-redux@^5.0.6",
339 silly leaf dependencies       "isSatisfied": true
339 silly leaf dependencies     },
339 silly leaf dependencies     {
339 silly leaf dependencies       "dependency": "react-router@^4.2.0",
339 silly leaf dependencies       "isSatisfied": true
339 silly leaf dependencies     },
339 silly leaf dependencies     {
339 silly leaf dependencies       "dependency": "react-router-dom@^4.2.2",
339 silly leaf dependencies       "isSatisfied": true
339 silly leaf dependencies     },
339 silly leaf dependencies     {
339 silly leaf dependencies       "dependency": "react-scripts@1.1.1",
339 silly leaf dependencies       "isSatisfied": true
339 silly leaf dependencies     },
339 silly leaf dependencies     {
339 silly leaf dependencies       "dependency": "react-table@^6.8.6",
339 silly leaf dependencies       "isSatisfied": true
339 silly leaf dependencies     },
339 silly leaf dependencies     {
339 silly leaf dependencies       "dependency": "react-tap-event-plugin@^3.0.2",
339 silly leaf dependencies       "isSatisfied": true
339 silly leaf dependencies     },
339 silly leaf dependencies     {
339 silly leaf dependencies       "dependency": "redux@^3.7.2",
339 silly leaf dependencies       "isSatisfied": true
339 silly leaf dependencies     },
339 silly leaf dependencies     {
339 silly leaf dependencies       "dependency": "redux-logger@^3.0.6",
339 silly leaf dependencies       "isSatisfied": true
339 silly leaf dependencies     },
339 silly leaf dependencies     {
339 silly leaf dependencies       "dependency": "redux-thunk@^2.2.0",
339 silly leaf dependencies       "isSatisfied": true
339 silly leaf dependencies     },
339 silly leaf dependencies     {
339 silly leaf dependencies       "dependency": "url-search-params-polyfill@^3.0.0",
339 silly leaf dependencies       "isSatisfied": true
339 silly leaf dependencies     },
339 silly leaf dependencies     {
339 silly leaf dependencies       "dependency": "webfontloader@^1.6.28",
339 silly leaf dependencies       "isSatisfied": true
339 silly leaf dependencies     },
339 silly leaf dependencies     {
339 silly leaf dependencies       "dependency": "egov-ui-kit@0.0.1",
339 silly leaf dependencies       "isSatisfied": false
339 silly leaf dependencies     }
339 silly leaf dependencies   ],
339 silly leaf dependencies   "egov-ui-kit-dev": [
339 silly leaf dependencies     {
339 silly leaf dependencies       "dependency": "@storybook/addon-knobs@^3.3.13",
339 silly leaf dependencies       "isSatisfied": false
339 silly leaf dependencies     },
339 silly leaf dependencies     {
339 silly leaf dependencies       "dependency": "@storybook/react@^3.3.13",
339 silly leaf dependencies       "isSatisfied": false
339 silly leaf dependencies     },
339 silly leaf dependencies     {
339 silly leaf dependencies       "dependency": "babel-cli@^6.26.0",
339 silly leaf dependencies       "isSatisfied": false
339 silly leaf dependencies     },
339 silly leaf dependencies     {
339 silly leaf dependencies       "dependency": "babel-plugin-transform-runtime@^6.23.0",
339 silly leaf dependencies       "isSatisfied": false
339 silly leaf dependencies     },
339 silly leaf dependencies     {
339 silly leaf dependencies       "dependency": "babel-preset-es2015@^6.24.1",
339 silly leaf dependencies       "isSatisfied": false
339 silly leaf dependencies     },
339 silly leaf dependencies     {
339 silly leaf dependencies       "dependency": "babel-preset-react@^6.24.1",
339 silly leaf dependencies       "isSatisfied": false
339 silly leaf dependencies     },
339 silly leaf dependencies     {
339 silly leaf dependencies       "dependency": "babel-preset-stage-0@^6.24.1",
339 silly leaf dependencies       "isSatisfied": false
339 silly leaf dependencies     },
339 silly leaf dependencies     {
339 silly leaf dependencies       "dependency": "storybook-addon-material-ui@^0.8.2",
339 silly leaf dependencies       "isSatisfied": false
339 silly leaf dependencies     },
339 silly leaf dependencies     {
339 silly leaf dependencies       "dependency": "@material-ui/core@^1.1.0",
339 silly leaf dependencies       "isSatisfied": false
339 silly leaf dependencies     },
339 silly leaf dependencies     {
339 silly leaf dependencies       "dependency": "axios@^0.17.1",
339 silly leaf dependencies       "isSatisfied": false
339 silly leaf dependencies     },
339 silly leaf dependencies     {
339 silly leaf dependencies       "dependency": "babel-polyfill@^6.26.0",
339 silly leaf dependencies       "isSatisfied": false
339 silly leaf dependencies     },
339 silly leaf dependencies     {
339 silly leaf dependencies       "dependency": "babel-runtime@^6.26.0",
339 silly leaf dependencies       "isSatisfied": false
339 silly leaf dependencies     },
339 silly leaf dependencies     {
339 silly leaf dependencies       "dependency": "jsonpath@^1.0.0",
339 silly leaf dependencies       "isSatisfied": false
339 silly leaf dependencies     },
339 silly leaf dependencies     {
339 silly leaf dependencies       "dependency": "lodash@^4.17.5",
339 silly leaf dependencies       "isSatisfied": false
339 silly leaf dependencies     },
339 silly leaf dependencies     {
339 silly leaf dependencies       "dependency": "material-ui@^0.20.0",
339 silly leaf dependencies       "isSatisfied": false
339 silly leaf dependencies     },
339 silly leaf dependencies     {
339 silly leaf dependencies       "dependency": "node-sass-chokidar@^1.2.2",
339 silly leaf dependencies       "isSatisfied": false
339 silly leaf dependencies     },
339 silly leaf dependencies     {
339 silly leaf dependencies       "dependency": "npm-run-all@^4.1.2",
339 silly leaf dependencies       "isSatisfied": false
339 silly leaf dependencies     },
339 silly leaf dependencies     {
339 silly leaf dependencies       "dependency": "pdfmake@^0.1.36",
339 silly leaf dependencies       "isSatisfied": false
339 silly leaf dependencies     },
339 silly leaf dependencies     {
339 silly leaf dependencies       "dependency": "prop-types@^15.6.0",
339 silly leaf dependencies       "isSatisfied": false
339 silly leaf dependencies     },
339 silly leaf dependencies     {
339 silly leaf dependencies       "dependency": "react@^16.2.0",
339 silly leaf dependencies       "isSatisfied": false
339 silly leaf dependencies     },
339 silly leaf dependencies     {
339 silly leaf dependencies       "dependency": "react-dom@^16.2.0",
339 silly leaf dependencies       "isSatisfied": false
339 silly leaf dependencies     },
339 silly leaf dependencies     {
339 silly leaf dependencies       "dependency": "react-google-maps@^9.4.5",
339 silly leaf dependencies       "isSatisfied": false
339 silly leaf dependencies     },
339 silly leaf dependencies     {
339 silly leaf dependencies       "dependency": "react-id-swiper@^1.6.3",
339 silly leaf dependencies       "isSatisfied": false
339 silly leaf dependencies     },
339 silly leaf dependencies     {
339 silly leaf dependencies       "dependency": "react-load-image@^0.1.6",
339 silly leaf dependencies       "isSatisfied": false
339 silly leaf dependencies     },
339 silly leaf dependencies     {
339 silly leaf dependencies       "dependency": "react-redux@^5.0.6",
339 silly leaf dependencies       "isSatisfied": false
339 silly leaf dependencies     },
339 silly leaf dependencies     {
339 silly leaf dependencies       "dependency": "react-router@^4.2.0",
339 silly leaf dependencies       "isSatisfied": false
339 silly leaf dependencies     },
339 silly leaf dependencies     {
339 silly leaf dependencies       "dependency": "react-router-dom@^4.2.2",
339 silly leaf dependencies       "isSatisfied": false
339 silly leaf dependencies     },
339 silly leaf dependencies     {
339 silly leaf dependencies       "dependency": "react-scripts@1.1.1",
339 silly leaf dependencies       "isSatisfied": false
339 silly leaf dependencies     },
339 silly leaf dependencies     {
339 silly leaf dependencies       "dependency": "react-table@^6.8.6",
339 silly leaf dependencies       "isSatisfied": false
339 silly leaf dependencies     },
339 silly leaf dependencies     {
339 silly leaf dependencies       "dependency": "react-tap-event-plugin@^3.0.2",
339 silly leaf dependencies       "isSatisfied": false
339 silly leaf dependencies     },
339 silly leaf dependencies     {
339 silly leaf dependencies       "dependency": "redux@^3.7.2",
339 silly leaf dependencies       "isSatisfied": false
339 silly leaf dependencies     },
339 silly leaf dependencies     {
339 silly leaf dependencies       "dependency": "redux-logger@^3.0.6",
339 silly leaf dependencies       "isSatisfied": false
339 silly leaf dependencies     },
339 silly leaf dependencies     {
339 silly leaf dependencies       "dependency": "redux-thunk@^2.2.0",
339 silly leaf dependencies       "isSatisfied": false
339 silly leaf dependencies     },
339 silly leaf dependencies     {
339 silly leaf dependencies       "dependency": "url-search-params-polyfill@^3.0.0",
339 silly leaf dependencies       "isSatisfied": false
339 silly leaf dependencies     },
339 silly leaf dependencies     {
339 silly leaf dependencies       "dependency": "webfontloader@^1.6.28",
339 silly leaf dependencies       "isSatisfied": false
339 silly leaf dependencies     }
339 silly leaf dependencies   ],
339 silly leaf dependencies   "rainmaker-employee": [
339 silly leaf dependencies     {
339 silly leaf dependencies       "dependency": "@storybook/addon-knobs@^3.3.13",
339 silly leaf dependencies       "isSatisfied": true
339 silly leaf dependencies     },
339 silly leaf dependencies     {
339 silly leaf dependencies       "dependency": "@storybook/react@^3.3.13",
339 silly leaf dependencies       "isSatisfied": true
339 silly leaf dependencies     },
339 silly leaf dependencies     {
339 silly leaf dependencies       "dependency": "babel-cli@^6.26.0",
339 silly leaf dependencies       "isSatisfied": true
339 silly leaf dependencies     },
339 silly leaf dependencies     {
339 silly leaf dependencies       "dependency": "babel-plugin-transform-runtime@^6.23.0",
339 silly leaf dependencies       "isSatisfied": true
339 silly leaf dependencies     },
339 silly leaf dependencies     {
339 silly leaf dependencies       "dependency": "babel-preset-es2015@^6.24.1",
339 silly leaf dependencies       "isSatisfied": true
339 silly leaf dependencies     },
339 silly leaf dependencies     {
339 silly leaf dependencies       "dependency": "babel-preset-react@^6.24.1",
339 silly leaf dependencies       "isSatisfied": true
339 silly leaf dependencies     },
339 silly leaf dependencies     {
339 silly leaf dependencies       "dependency": "babel-preset-stage-0@^6.24.1",
339 silly leaf dependencies       "isSatisfied": true
339 silly leaf dependencies     },
339 silly leaf dependencies     {
339 silly leaf dependencies       "dependency": "storybook-addon-material-ui@^0.8.2",
339 silly leaf dependencies       "isSatisfied": true
339 silly leaf dependencies     },
339 silly leaf dependencies     {
339 silly leaf dependencies       "dependency": "@material-ui/core@^1.1.0",
339 silly leaf dependencies       "isSatisfied": true
339 silly leaf dependencies     },
339 silly leaf dependencies     {
339 silly leaf dependencies       "dependency": "axios@^0.17.1",
339 silly leaf dependencies       "isSatisfied": true
339 silly leaf dependencies     },
339 silly leaf dependencies     {
339 silly leaf dependencies       "dependency": "babel-polyfill@^6.26.0",
339 silly leaf dependencies       "isSatisfied": true
339 silly leaf dependencies     },
339 silly leaf dependencies     {
339 silly leaf dependencies       "dependency": "babel-runtime@^6.26.0",
339 silly leaf dependencies       "isSatisfied": true
339 silly leaf dependencies     },
339 silly leaf dependencies     {
339 silly leaf dependencies       "dependency": "jsonpath@^1.0.0",
339 silly leaf dependencies       "isSatisfied": true
339 silly leaf dependencies     },
339 silly leaf dependencies     {
339 silly leaf dependencies       "dependency": "lodash@^4.17.5",
339 silly leaf dependencies       "isSatisfied": true
339 silly leaf dependencies     },
339 silly leaf dependencies     {
339 silly leaf dependencies       "dependency": "material-ui@^0.20.0",
339 silly leaf dependencies       "isSatisfied": true
339 silly leaf dependencies     },
339 silly leaf dependencies     {
339 silly leaf dependencies       "dependency": "node-sass-chokidar@^1.2.2",
339 silly leaf dependencies       "isSatisfied": true
339 silly leaf dependencies     },
339 silly leaf dependencies     {
339 silly leaf dependencies       "dependency": "npm-run-all@^4.1.2",
339 silly leaf dependencies       "isSatisfied": true
339 silly leaf dependencies     },
339 silly leaf dependencies     {
339 silly leaf dependencies       "dependency": "pdfmake@^0.1.36",
339 silly leaf dependencies       "isSatisfied": true
339 silly leaf dependencies     },
339 silly leaf dependencies     {
339 silly leaf dependencies       "dependency": "prop-types@^15.6.0",
339 silly leaf dependencies       "isSatisfied": true
339 silly leaf dependencies     },
339 silly leaf dependencies     {
339 silly leaf dependencies       "dependency": "react@^16.2.0",
339 silly leaf dependencies       "isSatisfied": true
339 silly leaf dependencies     },
339 silly leaf dependencies     {
339 silly leaf dependencies       "dependency": "react-dom@^16.2.0",
339 silly leaf dependencies       "isSatisfied": true
339 silly leaf dependencies     },
339 silly leaf dependencies     {
339 silly leaf dependencies       "dependency": "react-google-maps@^9.4.5",
339 silly leaf dependencies       "isSatisfied": true
339 silly leaf dependencies     },
339 silly leaf dependencies     {
339 silly leaf dependencies       "dependency": "react-id-swiper@^1.6.3",
339 silly leaf dependencies       "isSatisfied": true
339 silly leaf dependencies     },
339 silly leaf dependencies     {
339 silly leaf dependencies       "dependency": "react-load-image@^0.1.6",
339 silly leaf dependencies       "isSatisfied": true
339 silly leaf dependencies     },
339 silly leaf dependencies     {
339 silly leaf dependencies       "dependency": "react-redux@^5.0.6",
339 silly leaf dependencies       "isSatisfied": true
339 silly leaf dependencies     },
339 silly leaf dependencies     {
339 silly leaf dependencies       "dependency": "react-router@^4.2.0",
339 silly leaf dependencies       "isSatisfied": true
339 silly leaf dependencies     },
339 silly leaf dependencies     {
339 silly leaf dependencies       "dependency": "react-router-dom@^4.2.2",
339 silly leaf dependencies       "isSatisfied": true
339 silly leaf dependencies     },
339 silly leaf dependencies     {
339 silly leaf dependencies       "dependency": "react-scripts@1.1.1",
339 silly leaf dependencies       "isSatisfied": true
339 silly leaf dependencies     },
339 silly leaf dependencies     {
339 silly leaf dependencies       "dependency": "react-table@^6.8.6",
339 silly leaf dependencies       "isSatisfied": true
339 silly leaf dependencies     },
339 silly leaf dependencies     {
339 silly leaf dependencies       "dependency": "react-tap-event-plugin@^3.0.2",
339 silly leaf dependencies       "isSatisfied": true
339 silly leaf dependencies     },
339 silly leaf dependencies     {
339 silly leaf dependencies       "dependency": "redux@^3.7.2",
339 silly leaf dependencies       "isSatisfied": true
339 silly leaf dependencies     },
339 silly leaf dependencies     {
339 silly leaf dependencies       "dependency": "redux-logger@^3.0.6",
339 silly leaf dependencies       "isSatisfied": true
339 silly leaf dependencies     },
339 silly leaf dependencies     {
339 silly leaf dependencies       "dependency": "redux-thunk@^2.2.0",
339 silly leaf dependencies       "isSatisfied": true
339 silly leaf dependencies     },
339 silly leaf dependencies     {
339 silly leaf dependencies       "dependency": "url-search-params-polyfill@^3.0.0",
339 silly leaf dependencies       "isSatisfied": true
339 silly leaf dependencies     },
339 silly leaf dependencies     {
339 silly leaf dependencies       "dependency": "webfontloader@^1.6.28",
339 silly leaf dependencies       "isSatisfied": true
339 silly leaf dependencies     },
339 silly leaf dependencies     {
339 silly leaf dependencies       "dependency": "egov-ui-kit@0.0.1",
339 silly leaf dependencies       "isSatisfied": false
339 silly leaf dependencies     }
339 silly leaf dependencies   ]
339 silly leaf dependencies }
340 info Installing external dependencies
341 verbose actions 3 actions, concurrency 4
342 silly installInDir citizen [ '@storybook/addon-knobs@^3.3.13',
342 silly installInDir   '@storybook/react@^3.3.13',
342 silly installInDir   'babel-cli@^6.26.0',
342 silly installInDir   'babel-plugin-transform-runtime@^6.23.0',
342 silly installInDir   'babel-preset-es2015@^6.24.1',
342 silly installInDir   'babel-preset-react@^6.24.1',
342 silly installInDir   'babel-preset-stage-0@^6.24.1',
342 silly installInDir   'storybook-addon-material-ui@^0.8.2',
342 silly installInDir   '@material-ui/core@^1.1.0',
342 silly installInDir   'axios@^0.17.1',
342 silly installInDir   'babel-polyfill@^6.26.0',
342 silly installInDir   'babel-runtime@^6.26.0',
342 silly installInDir   'jsonpath@^1.0.0',
342 silly installInDir   'lodash@^4.17.5',
342 silly installInDir   'material-ui@^0.20.0',
342 silly installInDir   'node-sass-chokidar@^1.2.2',
342 silly installInDir   'npm-run-all@^4.1.2',
342 silly installInDir   'pdfmake@^0.1.36',
342 silly installInDir   'prop-types@^15.6.0',
342 silly installInDir   'react@^16.2.0',
342 silly installInDir   'react-dom@^16.2.0',
342 silly installInDir   'react-google-maps@^9.4.5',
342 silly installInDir   'react-id-swiper@^1.6.3',
342 silly installInDir   'react-load-image@^0.1.6',
342 silly installInDir   'react-redux@^5.0.6',
342 silly installInDir   'react-router@^4.2.0',
342 silly installInDir   'react-router-dom@^4.2.2',
342 silly installInDir   'react-scripts@1.1.1',
342 silly installInDir   'react-table@^6.8.6',
342 silly installInDir   'react-tap-event-plugin@^3.0.2',
342 silly installInDir   'redux@^3.7.2',
342 silly installInDir   'redux-logger@^3.0.6',
342 silly installInDir   'redux-thunk@^2.2.0',
342 silly installInDir   'url-search-params-polyfill@^3.0.0',
342 silly installInDir   'webfontloader@^1.6.28',
342 silly installInDir   'egov-ui-kit@0.0.1' ]
343 silly installInDir backup /Users/GoodWork/Documents/GitHub/egov-web-app/web/rainmaker/packages/citizen/package.json
344 silly rename [ '/Users/GoodWork/Documents/GitHub/egov-web-app/web/rainmaker/packages/citizen/package.json',
344 silly rename   '/Users/GoodWork/Documents/GitHub/egov-web-app/web/rainmaker/packages/citizen/package.json.lerna_backup' ]
345 silly installInDir egov-ui-kit-dev [ '@storybook/addon-knobs@^3.3.13',
345 silly installInDir   '@storybook/react@^3.3.13',
345 silly installInDir   'babel-cli@^6.26.0',
345 silly installInDir   'babel-plugin-transform-runtime@^6.23.0',
345 silly installInDir   'babel-preset-es2015@^6.24.1',
345 silly installInDir   'babel-preset-react@^6.24.1',
345 silly installInDir   'babel-preset-stage-0@^6.24.1',
345 silly installInDir   'storybook-addon-material-ui@^0.8.2',
345 silly installInDir   '@material-ui/core@^1.1.0',
345 silly installInDir   'axios@^0.17.1',
345 silly installInDir   'babel-polyfill@^6.26.0',
345 silly installInDir   'babel-runtime@^6.26.0',
345 silly installInDir   'jsonpath@^1.0.0',
345 silly installInDir   'lodash@^4.17.5',
345 silly installInDir   'material-ui@^0.20.0',
345 silly installInDir   'node-sass-chokidar@^1.2.2',
345 silly installInDir   'npm-run-all@^4.1.2',
345 silly installInDir   'pdfmake@^0.1.36',
345 silly installInDir   'prop-types@^15.6.0',
345 silly installInDir   'react@^16.2.0',
345 silly installInDir   'react-dom@^16.2.0',
345 silly installInDir   'react-google-maps@^9.4.5',
345 silly installInDir   'react-id-swiper@^1.6.3',
345 silly installInDir   'react-load-image@^0.1.6',
345 silly installInDir   'react-redux@^5.0.6',
345 silly installInDir   'react-router@^4.2.0',
345 silly installInDir   'react-router-dom@^4.2.2',
345 silly installInDir   'react-scripts@1.1.1',
345 silly installInDir   'react-table@^6.8.6',
345 silly installInDir   'react-tap-event-plugin@^3.0.2',
345 silly installInDir   'redux@^3.7.2',
345 silly installInDir   'redux-logger@^3.0.6',
345 silly installInDir   'redux-thunk@^2.2.0',
345 silly installInDir   'url-search-params-polyfill@^3.0.0',
345 silly installInDir   'webfontloader@^1.6.28' ]
346 silly installInDir backup /Users/GoodWork/Documents/GitHub/egov-web-app/web/rainmaker/packages/egov-ui-kit-dev/package.json
347 silly rename [ '/Users/GoodWork/Documents/GitHub/egov-web-app/web/rainmaker/packages/egov-ui-kit-dev/package.json',
347 silly rename   '/Users/GoodWork/Documents/GitHub/egov-web-app/web/rainmaker/packages/egov-ui-kit-dev/package.json.lerna_backup' ]
348 silly installInDir employee [ '@storybook/addon-knobs@^3.3.13',
348 silly installInDir   '@storybook/react@^3.3.13',
348 silly installInDir   'babel-cli@^6.26.0',
348 silly installInDir   'babel-plugin-transform-runtime@^6.23.0',
348 silly installInDir   'babel-preset-es2015@^6.24.1',
348 silly installInDir   'babel-preset-react@^6.24.1',
348 silly installInDir   'babel-preset-stage-0@^6.24.1',
348 silly installInDir   'storybook-addon-material-ui@^0.8.2',
348 silly installInDir   '@material-ui/core@^1.1.0',
348 silly installInDir   'axios@^0.17.1',
348 silly installInDir   'babel-polyfill@^6.26.0',
348 silly installInDir   'babel-runtime@^6.26.0',
348 silly installInDir   'jsonpath@^1.0.0',
348 silly installInDir   'lodash@^4.17.5',
348 silly installInDir   'material-ui@^0.20.0',
348 silly installInDir   'node-sass-chokidar@^1.2.2',
348 silly installInDir   'npm-run-all@^4.1.2',
348 silly installInDir   'pdfmake@^0.1.36',
348 silly installInDir   'prop-types@^15.6.0',
348 silly installInDir   'react@^16.2.0',
348 silly installInDir   'react-dom@^16.2.0',
348 silly installInDir   'react-google-maps@^9.4.5',
348 silly installInDir   'react-id-swiper@^1.6.3',
348 silly installInDir   'react-load-image@^0.1.6',
348 silly installInDir   'react-redux@^5.0.6',
348 silly installInDir   'react-router@^4.2.0',
348 silly installInDir   'react-router-dom@^4.2.2',
348 silly installInDir   'react-scripts@1.1.1',
348 silly installInDir   'react-table@^6.8.6',
348 silly installInDir   'react-tap-event-plugin@^3.0.2',
348 silly installInDir   'redux@^3.7.2',
348 silly installInDir   'redux-logger@^3.0.6',
348 silly installInDir   'redux-thunk@^2.2.0',
348 silly installInDir   'url-search-params-polyfill@^3.0.0',
348 silly installInDir   'webfontloader@^1.6.28',
348 silly installInDir   'egov-ui-kit@0.0.1' ]
349 silly installInDir backup /Users/GoodWork/Documents/GitHub/egov-web-app/web/rainmaker/packages/employee/package.json
350 silly rename [ '/Users/GoodWork/Documents/GitHub/egov-web-app/web/rainmaker/packages/employee/package.json',
350 silly rename   '/Users/GoodWork/Documents/GitHub/egov-web-app/web/rainmaker/packages/employee/package.json.lerna_backup' ]
351 silly installInDir writing tempJson { dependencies:
351 silly installInDir    { '@storybook/addon-knobs': '^3.3.13',
351 silly installInDir      '@storybook/react': '^3.3.13',
351 silly installInDir      'babel-cli': '^6.26.0',
351 silly installInDir      'babel-plugin-transform-runtime': '^6.23.0',
351 silly installInDir      'babel-preset-es2015': '^6.24.1',
351 silly installInDir      'babel-preset-react': '^6.24.1',
351 silly installInDir      'babel-preset-stage-0': '^6.24.1',
351 silly installInDir      'storybook-addon-material-ui': '^0.8.2',
351 silly installInDir      '@material-ui/core': '^1.1.0',
351 silly installInDir      axios: '^0.17.1',
351 silly installInDir      'babel-polyfill': '^6.26.0',
351 silly installInDir      'babel-runtime': '^6.26.0',
351 silly installInDir      jsonpath: '^1.0.0',
351 silly installInDir      lodash: '^4.17.5',
351 silly installInDir      'material-ui': '^0.20.0',
351 silly installInDir      'node-sass-chokidar': '^1.2.2',
351 silly installInDir      'npm-run-all': '^4.1.2',
351 silly installInDir      pdfmake: '^0.1.36',
351 silly installInDir      'prop-types': '^15.6.0',
351 silly installInDir      react: '^16.2.0',
351 silly installInDir      'react-dom': '^16.2.0',
351 silly installInDir      'react-google-maps': '^9.4.5',
351 silly installInDir      'react-id-swiper': '^1.6.3',
351 silly installInDir      'react-load-image': '^0.1.6',
351 silly installInDir      'react-redux': '^5.0.6',
351 silly installInDir      'react-router': '^4.2.0',
351 silly installInDir      'react-router-dom': '^4.2.2',
351 silly installInDir      'react-scripts': '1.1.1',
351 silly installInDir      'react-table': '^6.8.6',
351 silly installInDir      'react-tap-event-plugin': '^3.0.2',
351 silly installInDir      redux: '^3.7.2',
351 silly installInDir      'redux-logger': '^3.0.6',
351 silly installInDir      'redux-thunk': '^2.2.0',
351 silly installInDir      'url-search-params-polyfill': '^3.0.0',
351 silly installInDir      webfontloader: '^1.6.28',
351 silly installInDir      'egov-ui-kit': '0.0.1' } }
352 silly installInDir writing tempJson { dependencies:
352 silly installInDir    { '@storybook/addon-knobs': '^3.3.13',
352 silly installInDir      '@storybook/react': '^3.3.13',
352 silly installInDir      'babel-cli': '^6.26.0',
352 silly installInDir      'babel-plugin-transform-runtime': '^6.23.0',
352 silly installInDir      'babel-preset-es2015': '^6.24.1',
352 silly installInDir      'babel-preset-react': '^6.24.1',
352 silly installInDir      'babel-preset-stage-0': '^6.24.1',
352 silly installInDir      'storybook-addon-material-ui': '^0.8.2',
352 silly installInDir      '@material-ui/core': '^1.1.0',
352 silly installInDir      axios: '^0.17.1',
352 silly installInDir      'babel-polyfill': '^6.26.0',
352 silly installInDir      'babel-runtime': '^6.26.0',
352 silly installInDir      jsonpath: '^1.0.0',
352 silly installInDir      lodash: '^4.17.5',
352 silly installInDir      'material-ui': '^0.20.0',
352 silly installInDir      'node-sass-chokidar': '^1.2.2',
352 silly installInDir      'npm-run-all': '^4.1.2',
352 silly installInDir      pdfmake: '^0.1.36',
352 silly installInDir      'prop-types': '^15.6.0',
352 silly installInDir      react: '^16.2.0',
352 silly installInDir      'react-dom': '^16.2.0',
352 silly installInDir      'react-google-maps': '^9.4.5',
352 silly installInDir      'react-id-swiper': '^1.6.3',
352 silly installInDir      'react-load-image': '^0.1.6',
352 silly installInDir      'react-redux': '^5.0.6',
352 silly installInDir      'react-router': '^4.2.0',
352 silly installInDir      'react-router-dom': '^4.2.2',
352 silly installInDir      'react-scripts': '1.1.1',
352 silly installInDir      'react-table': '^6.8.6',
352 silly installInDir      'react-tap-event-plugin': '^3.0.2',
352 silly installInDir      redux: '^3.7.2',
352 silly installInDir      'redux-logger': '^3.0.6',
352 silly installInDir      'redux-thunk': '^2.2.0',
352 silly installInDir      'url-search-params-polyfill': '^3.0.0',
352 silly installInDir      webfontloader: '^1.6.28' } }
353 silly installInDir writing tempJson { dependencies:
353 silly installInDir    { '@storybook/addon-knobs': '^3.3.13',
353 silly installInDir      '@storybook/react': '^3.3.13',
353 silly installInDir      'babel-cli': '^6.26.0',
353 silly installInDir      'babel-plugin-transform-runtime': '^6.23.0',
353 silly installInDir      'babel-preset-es2015': '^6.24.1',
353 silly installInDir      'babel-preset-react': '^6.24.1',
353 silly installInDir      'babel-preset-stage-0': '^6.24.1',
353 silly installInDir      'storybook-addon-material-ui': '^0.8.2',
353 silly installInDir      '@material-ui/core': '^1.1.0',
353 silly installInDir      axios: '^0.17.1',
353 silly installInDir      'babel-polyfill': '^6.26.0',
353 silly installInDir      'babel-runtime': '^6.26.0',
353 silly installInDir      jsonpath: '^1.0.0',
353 silly installInDir      lodash: '^4.17.5',
353 silly installInDir      'material-ui': '^0.20.0',
353 silly installInDir      'node-sass-chokidar': '^1.2.2',
353 silly installInDir      'npm-run-all': '^4.1.2',
353 silly installInDir      pdfmake: '^0.1.36',
353 silly installInDir      'prop-types': '^15.6.0',
353 silly installInDir      react: '^16.2.0',
353 silly installInDir      'react-dom': '^16.2.0',
353 silly installInDir      'react-google-maps': '^9.4.5',
353 silly installInDir      'react-id-swiper': '^1.6.3',
353 silly installInDir      'react-load-image': '^0.1.6',
353 silly installInDir      'react-redux': '^5.0.6',
353 silly installInDir      'react-router': '^4.2.0',
353 silly installInDir      'react-router-dom': '^4.2.2',
353 silly installInDir      'react-scripts': '1.1.1',
353 silly installInDir      'react-table': '^6.8.6',
353 silly installInDir      'react-tap-event-plugin': '^3.0.2',
353 silly installInDir      redux: '^3.7.2',
353 silly installInDir      'redux-logger': '^3.0.6',
353 silly installInDir      'redux-thunk': '^2.2.0',
353 silly installInDir      'url-search-params-polyfill': '^3.0.0',
353 silly installInDir      webfontloader: '^1.6.28',
353 silly installInDir      'egov-ui-kit': '0.0.1' } }
354 silly getExecOpts { cwd: '/Users/GoodWork/Documents/GitHub/egov-web-app/web/rainmaker/packages/citizen' }
355 silly installInDir [ 'npm', [ 'install' ] ]
356 silly getExecOpts { cwd: '/Users/GoodWork/Documents/GitHub/egov-web-app/web/rainmaker/packages/egov-ui-kit-dev' }
357 silly installInDir [ 'npm', [ 'install' ] ]
358 silly getExecOpts { cwd: '/Users/GoodWork/Documents/GitHub/egov-web-app/web/rainmaker/packages/employee' }
359 silly installInDir [ 'npm', [ 'install' ] ]
360 silly installInDir cleanup /Users/GoodWork/Documents/GitHub/egov-web-app/web/rainmaker/packages/employee/package.json
361 silly renameSync [ '/Users/GoodWork/Documents/GitHub/egov-web-app/web/rainmaker/packages/employee/package.json.lerna_backup',
361 silly renameSync   '/Users/GoodWork/Documents/GitHub/egov-web-app/web/rainmaker/packages/employee/package.json' ]
362 verbose installed leaf rainmaker-employee
363 error execute callback with error
364 error Error: Command failed: npm install
364 error npm ERR! code E404
364 error npm ERR! 404 Not Found: egov-ui-kit@0.0.1
364 error
364 error npm ERR! A complete log of this run can be found in:
364 error npm ERR!     /Users/GoodWork/.npm/_logs/2018-06-02T18_58_32_646Z-debug.log
364 error
364 error     at Promise.all.then.arr (/usr/local/lib/node_modules/lerna/node_modules/execa/index.js:236:11)
364 error     at <anonymous>
